{"name": "test_001", "status": "failed", "statusDetails": {"message": "AssertionError: '111' != '112'\n- 111\n?   ^\n+ 112\n?   ^", "trace": "self = <unittest_package.test_unittest_baidu.baidu testMethod=test_001>\n\n    def test_001(self):\n        a = '111'\n        b = '112'\n>       self.assertEqual(a, b)\nE       AssertionError: '111' != '112'\nE       - 111\nE       ?   ^\nE       + 112\nE       ?   ^\n\nunittest_package\\test_unittest_baidu.py:14: AssertionError"}, "start": 1617689128224, "stop": 1617689128225, "uuid": "d1ef6dfa-b081-45d2-ab3e-f4bad34354eb", "historyId": "10970871cf066868d78bcc64987fa6a5", "testCaseId": "f3ce47e66346043045f0ea9d18dad3d4", "fullName": "unittest_package.test_unittest_baidu.baidu#test_001", "labels": [{"name": "parentSuite", "value": "unittest_package"}, {"name": "suite", "value": "test_unittest_baidu"}, {"name": "subSuite", "value": "baidu"}, {"name": "host", "value": "dc"}, {"name": "thread", "value": "10436-MainThread"}, {"name": "framework", "value": "pytest"}, {"name": "language", "value": "cpython3"}, {"name": "package", "value": "unittest_package.test_unittest_baidu"}]}